This is pdfTeX, Version 3.1415926-2.3-1.40.12 (MiKTeX 2.9) (preloaded format=pdflatex 2013.4.12)  26 JUN 2013 22:20
entering extended mode
**thesis.tex
("C:\Users\James\Google Drive\KUThesis Class\template\thesis.tex"
LaTeX2e <2011/06/27>
Babel <v3.8m> and hyphenation patterns for english, afrikaans, ancientgreek, ar
abic, armenian, assamese, basque, bengali, bokmal, bulgarian, catalan, coptic, 
croatian, czech, danish, dutch, esperanto, estonian, farsi, finnish, french, ga
lician, german, german-x-2009-06-19, greek, gujarati, hindi, hungarian, iceland
ic, indonesian, interlingua, irish, italian, kannada, kurmanji, lao, latin, lat
vian, lithuanian, malayalam, marathi, mongolian, mongolianlmc, monogreek, ngerm
an, ngerman-x-2009-06-19, nynorsk, oriya, panjabi, pinyin, polish, portuguese, 
romanian, russian, sanskrit, serbian, slovak, slovenian, spanish, swedish, swis
sgerman, tamil, telugu, turkish, turkmen, ukenglish, ukrainian, uppersorbian, u
senglishmax, welsh, loaded.
("C:\Users\James\Google Drive\KUThesis Class\template\kuthesis.cls"
Document Class: kuthesis 2013/06/26 Kettering University thesis class
("C:\Program Files\MiKTeX 2.9\tex\latex\base\ifthen.sty"
Package: ifthen 2001/05/26 v1.1c Standard LaTeX ifthen package (DPC)
)
("C:\Program Files\MiKTeX 2.9\tex\latex\endnotes\endnotes.sty"
\c@endnote=\count79
\endnotesep=\dimen102
\@enotes=\write3
)
(C:\Users\James\texmf\tex\latex\pulongtable\pulongtable.sty
Package: pulongtable 2004/02/01 v4.11 Multi-page Table package (DPC)
\LTleft=\skip41
\LTright=\skip42
\LTpre=\skip43
\LTpost=\skip44
\LTchunksize=\count80
\LTcapwidth=\dimen103
\LT@head=\box26
\LT@firsthead=\box27
\LT@foot=\box28
\LT@lastfoot=\box29
\LT@cols=\count81
\LT@rows=\count82
\c@LT@tables=\count83
\c@LT@chunks=\count84
\LT@p@ftn=\toks14
)
("C:\Program Files\MiKTeX 2.9\tex\latex\rotating\rotating.sty"
Package: rotating 2009/03/28 v2.16a rotated objects in LaTeX

("C:\Program Files\MiKTeX 2.9\tex\latex\graphics\graphicx.sty"
Package: graphicx 1999/02/16 v1.0f Enhanced LaTeX Graphics (DPC,SPQR)

("C:\Program Files\MiKTeX 2.9\tex\latex\graphics\keyval.sty"
Package: keyval 1999/03/16 v1.13 key=value parser (DPC)
\KV@toks@=\toks15
)
("C:\Program Files\MiKTeX 2.9\tex\latex\graphics\graphics.sty"
Package: graphics 2009/02/05 v1.0o Standard LaTeX Graphics (DPC,SPQR)

("C:\Program Files\MiKTeX 2.9\tex\latex\graphics\trig.sty"
Package: trig 1999/03/16 v1.09 sin cos tan (DPC)
)
("C:\Program Files\MiKTeX 2.9\tex\latex\00miktex\graphics.cfg"
File: graphics.cfg 2007/01/18 v1.5 graphics configuration of teTeX/TeXLive
)
Package graphics Info: Driver file: pdftex.def on input line 91.

("C:\Program Files\MiKTeX 2.9\tex\latex\pdftex-def\pdftex.def"
File: pdftex.def 2011/05/27 v0.06d Graphics/color for pdfTeX

("C:\Program Files\MiKTeX 2.9\tex\generic\oberdiek\infwarerr.sty"
Package: infwarerr 2010/04/08 v1.3 Providing info/warning/error messages (HO)
)
("C:\Program Files\MiKTeX 2.9\tex\generic\oberdiek\ltxcmds.sty"
Package: ltxcmds 2011/11/09 v1.22 LaTeX kernel commands for general use (HO)
)
\Gread@gobject=\count85
))
\Gin@req@height=\dimen104
\Gin@req@width=\dimen105
)
\c@r@tfl@t=\count86
\rotFPtop=\skip45
\rotFPbot=\skip46
\rot@float@box=\box30
\rot@mess@toks=\toks16
)
("C:\Program Files\MiKTeX 2.9\tex\latex\graphics\lscape.sty"
Package: lscape 2000/10/22 v3.01 Landscape Pages (DPC)
)
\@@i=\count87
\c@@@tcount=\count88
\c@@@volume=\count89
\c@last@@volume=\count90
\c@save@@page=\count91
\@@captionwidth=\skip47
\@@parindent=\skip48
\@@padding=\skip49
\@@tlength=\skip50
\@@ulength=\skip51

("C:\Program Files\MiKTeX 2.9\tex\latex\base\report.cls"
Document Class: report 2007/10/19 v1.4h Standard LaTeX document class
("C:\Program Files\MiKTeX 2.9\tex\latex\base\size12.clo"
File: size12.clo 2007/10/19 v1.4h Standard LaTeX file (size option)
)
\c@part=\count92
\c@chapter=\count93
\c@section=\count94
\c@subsection=\count95
\c@subsubsection=\count96
\c@paragraph=\count97
\c@subparagraph=\count98
\c@figure=\count99
\c@table=\count100
\abovecaptionskip=\skip52
\belowcaptionskip=\skip53
\bibindent=\dimen106
)
\c@definition=\count101
\c@observation=\count102
\proofbox=\box31
\c@Proof=\count103
\c@proposition=\count104
\c@theorem=\count105

("C:\Program Files\MiKTeX 2.9\tex\latex\cite\cite.sty"
LaTeX Info: Redefining \cite on input line 302.
LaTeX Info: Redefining \nocite on input line 373.
Package: cite 2010/09/10  v 5.3
))
("C:\Program Files\MiKTeX 2.9\tex\latex\oberdiek\epstopdf.sty"
Package: epstopdf 2010/02/09 v2.5 Conversion with epstopdf on the fly (HO)

("C:\Program Files\MiKTeX 2.9\tex\latex\oberdiek\epstopdf-base.sty"
Package: epstopdf-base 2010/02/09 v2.5 Base part for package epstopdf

("C:\Program Files\MiKTeX 2.9\tex\latex\oberdiek\grfext.sty"
Package: grfext 2010/08/19 v1.1 Manage graphics extensions (HO)

("C:\Program Files\MiKTeX 2.9\tex\generic\oberdiek\kvdefinekeys.sty"
Package: kvdefinekeys 2011/04/07 v1.3 Define keys (HO)
))
("C:\Program Files\MiKTeX 2.9\tex\latex\oberdiek\kvoptions.sty"
Package: kvoptions 2011/06/30 v3.11 Key value format for package options (HO)

("C:\Program Files\MiKTeX 2.9\tex\generic\oberdiek\kvsetkeys.sty"
Package: kvsetkeys 2012/04/25 v1.16 Key value parser (HO)

("C:\Program Files\MiKTeX 2.9\tex\generic\oberdiek\etexcmds.sty"
Package: etexcmds 2011/02/16 v1.5 Avoid name clashes with e-TeX commands (HO)

("C:\Program Files\MiKTeX 2.9\tex\generic\oberdiek\ifluatex.sty"
Package: ifluatex 2010/03/01 v1.3 Provides the ifluatex switch (HO)
Package ifluatex Info: LuaTeX not detected.
)
Package etexcmds Info: Could not find \expanded.
(etexcmds)             That can mean that you are not using pdfTeX 1.50 or
(etexcmds)             that some package has redefined \expanded.
(etexcmds)             In the latter case, load this package earlier.
)))
("C:\Program Files\MiKTeX 2.9\tex\generic\oberdiek\pdftexcmds.sty"
Package: pdftexcmds 2011/11/29 v0.20 Utility functions of pdfTeX for LuaTeX (HO
)

("C:\Program Files\MiKTeX 2.9\tex\generic\oberdiek\ifpdf.sty"
Package: ifpdf 2011/01/30 v2.3 Provides the ifpdf switch (HO)
Package ifpdf Info: pdfTeX in PDF mode is detected.
)
Package pdftexcmds Info: LuaTeX not detected.
Package pdftexcmds Info: \pdf@primitive is available.
Package pdftexcmds Info: \pdf@ifprimitive is available.
Package pdftexcmds Info: \pdfdraftmode found.
)
Package grfext Info: Graphics extension search list:
(grfext)             [.png,.pdf,.jpg,.mps,.jpeg,.jbig2,.jb2,.PNG,.PDF,.JPG,.JPE
G,.JBIG2,.JB2,.eps]
(grfext)             \AppendGraphicsExtensions on input line 452.
))
("C:\Program Files\MiKTeX 2.9\tex\latex\ams\math\amsmath.sty"
Package: amsmath 2000/07/18 v2.13 AMS math features
\@mathmargin=\skip54

For additional information on amsmath, use the `?' option.
("C:\Program Files\MiKTeX 2.9\tex\latex\ams\math\amstext.sty"
Package: amstext 2000/06/29 v2.01

("C:\Program Files\MiKTeX 2.9\tex\latex\ams\math\amsgen.sty"
File: amsgen.sty 1999/11/30 v2.0
\@emptytoks=\toks17
\ex@=\dimen107
))
("C:\Program Files\MiKTeX 2.9\tex\latex\ams\math\amsbsy.sty"
Package: amsbsy 1999/11/29 v1.2d
\pmbraise@=\dimen108
)
("C:\Program Files\MiKTeX 2.9\tex\latex\ams\math\amsopn.sty"
Package: amsopn 1999/12/14 v2.01 operator names
)
\inf@bad=\count106
LaTeX Info: Redefining \frac on input line 211.
\uproot@=\count107
\leftroot@=\count108
LaTeX Info: Redefining \overline on input line 307.
\classnum@=\count109
\DOTSCASE@=\count110
LaTeX Info: Redefining \ldots on input line 379.
LaTeX Info: Redefining \dots on input line 382.
LaTeX Info: Redefining \cdots on input line 467.
\Mathstrutbox@=\box32
\strutbox@=\box33
\big@size=\dimen109
LaTeX Font Info:    Redeclaring font encoding OML on input line 567.
LaTeX Font Info:    Redeclaring font encoding OMS on input line 568.
\macc@depth=\count111
\c@MaxMatrixCols=\count112
\dotsspace@=\muskip10
\c@parentequation=\count113
\dspbrk@lvl=\count114
\tag@help=\toks18
\row@=\count115
\column@=\count116
\maxfields@=\count117
\andhelp@=\toks19
\eqnshift@=\dimen110
\alignsep@=\dimen111
\tagshift@=\dimen112
\tagwidth@=\dimen113
\totwidth@=\dimen114
\lineht@=\dimen115
\@envbody=\toks20
\multlinegap=\skip55
\multlinetaggap=\skip56
\mathdisplay@stack=\toks21
LaTeX Info: Redefining \[ on input line 2666.
LaTeX Info: Redefining \] on input line 2667.
)
("C:\Program Files\MiKTeX 2.9\tex\latex\tools\multicol.sty"
Package: multicol 2011/06/27 v1.7a multicolumn formatting (FMi)
\c@tracingmulticols=\count118
\mult@box=\box34
\multicol@leftmargin=\dimen116
\c@unbalance=\count119
\c@collectmore=\count120
\doublecol@number=\count121
\multicoltolerance=\count122
\multicolpretolerance=\count123
\full@width=\dimen117
\page@free=\dimen118
\premulticols=\dimen119
\postmulticols=\dimen120
\multicolsep=\skip57
\multicolbaselineskip=\skip58
\partial@page=\box35
\last@line=\box36
\mult@rightbox=\box37
\mult@grightbox=\box38
\mult@gfirstbox=\box39
\mult@firstbox=\box40
\@tempa=\box41
\@tempa=\box42
\@tempa=\box43
\@tempa=\box44
\@tempa=\box45
\@tempa=\box46
\@tempa=\box47
\@tempa=\box48
\@tempa=\box49
\@tempa=\box50
\@tempa=\box51
\@tempa=\box52
\@tempa=\box53
\@tempa=\box54
\@tempa=\box55
\@tempa=\box56
\@tempa=\box57
\c@columnbadness=\count124
\c@finalcolumnbadness=\count125
\last@try=\dimen121
\multicolovershoot=\dimen122
\multicolundershoot=\dimen123
\mult@nat@firstbox=\box58
\colbreak@box=\box59
\multicol@sort@counter=\count126
)
("C:\Program Files\MiKTeX 2.9\tex\latex\subfigure\subfigure.sty"
Package: subfigure 2002/07/30 v2.1.4 subfigure package
\subfigtopskip=\skip59
\subfigcapskip=\skip60
\subfigcaptopadj=\dimen124
\subfigbottomskip=\skip61
\subfigcapmargin=\dimen125
\subfiglabelskip=\skip62
\c@subfigure=\count127
\c@lofdepth=\count128
\c@subtable=\count129
\c@lotdepth=\count130

****************************************
* Local config file subfigure.cfg used *
****************************************
("C:\Program Files\MiKTeX 2.9\tex\latex\subfigure\subfigure.cfg")
\subfig@top=\skip63
\subfig@bottom=\skip64
)
("C:\Users\James\Google Drive\KUThesis Class\template\mydefs.tex"
\myi=\count131
)
("C:\Users\James\Google Drive\KUThesis Class\template\thesis.aux"
("C:\Users\James\Google Drive\KUThesis Class\template\front.aux")
("C:\Users\James\Google Drive\KUThesis Class\template\introduction.aux")
("C:\Users\James\Google Drive\KUThesis Class\template\summary.aux")
("C:\Users\James\Google Drive\KUThesis Class\template\recommendations.aux")
("C:\Users\James\Google Drive\KUThesis Class\template\demo-citations.aux")
("C:\Users\James\Google Drive\KUThesis Class\template\demo-figures.aux")
("C:\Users\James\Google Drive\KUThesis Class\template\demo-mathematics.aux")
("C:\Users\James\Google Drive\KUThesis Class\template\demo-multicols.aux")
("C:\Users\James\Google Drive\KUThesis Class\template\demo-tables.aux"

LaTeX Warning: Label `ta:American-Presidents-with' multiply defined.

) ("C:\Users\James\Google Drive\KUThesis Class\template\demo-text.aux")
("C:\Users\James\Google Drive\KUThesis Class\template\bibliography.aux")
("C:\Users\James\Google Drive\KUThesis Class\template\vita.aux"))
LaTeX Font Info:    Checking defaults for OML/cmm/m/it on input line 153.
LaTeX Font Info:    ... okay on input line 153.
LaTeX Font Info:    Checking defaults for T1/cmr/m/n on input line 153.
LaTeX Font Info:    ... okay on input line 153.
LaTeX Font Info:    Checking defaults for OT1/cmr/m/n on input line 153.
LaTeX Font Info:    ... okay on input line 153.
LaTeX Font Info:    Checking defaults for OMS/cmsy/m/n on input line 153.
LaTeX Font Info:    ... okay on input line 153.
LaTeX Font Info:    Checking defaults for OMX/cmex/m/n on input line 153.
LaTeX Font Info:    ... okay on input line 153.
LaTeX Font Info:    Checking defaults for U/cmr/m/n on input line 153.
LaTeX Font Info:    ... okay on input line 153.

("C:\Program Files\MiKTeX 2.9\tex\context\base\supp-pdf.mkii"
[Loading MPS to PDF converter (version 2006.09.02).]
\scratchcounter=\count132
\scratchdimen=\dimen126
\scratchbox=\box60
\nofMPsegments=\count133
\nofMParguments=\count134
\everyMPshowfont=\toks22
\MPscratchCnt=\count135
\MPscratchDim=\dimen127
\MPnumerator=\count136
\makeMPintoPDFobject=\count137
\everyMPtoPDFconversion=\toks23
) ("C:\Program Files\MiKTeX 2.9\tex\latex\notoccite\notoccite.sty"
Package: notoccite 2000/07/20
) [1

{C:/ProgramData/MiKTeX/2.9/pdftex/config/pdftex.map}]
("C:\Users\James\Google Drive\KUThesis Class\template\front.tex" [2

] [3

]
[4

] ("C:\Users\James\Google Drive\KUThesis Class\template\thesis.toc")
\tf@toc=\write4
 [5

]
("C:\Users\James\Google Drive\KUThesis Class\template\thesis.lot")
\tf@lot=\write5
 [6

]
("C:\Users\James\Google Drive\KUThesis Class\template\thesis.lof")
\tf@lof=\write6
 [7

]
Underfull \hbox (badness 10000) in alignment at lines 67--70
 [] []
 []

[8

]
Underfull \hbox (badness 10000) in alignment at lines 74--78
 [] []
 []

[9

]
Underfull \hbox (badness 10000) in alignment at lines 82--85
 [] []
 []

[10

]
Underfull \hbox (badness 10000) in alignment at lines 89--92
 [] []
 []

[11

]) [12

]
("C:\Users\James\Google Drive\KUThesis Class\template\introduction.tex"
Chapter 1.
) [1



] ("C:\Users\James\Google Drive\KUThesis Class\template\summary.tex"
Chapter 2.
) [2



] ("C:\Users\James\Google Drive\KUThesis Class\template\recommendations.tex"
Chapter 3.
) [3



] [4


]
("C:\Users\James\Google Drive\KUThesis Class\template\demo-citations.tex"
Appendix A.
) [4


] ("C:\Users\James\Google Drive\KUThesis Class\template\demo-figures.tex"
Appendix B.
Package epstopdf Info: Source file: <plot.eps>
(epstopdf)                    date: 2013-06-26 13:57:46
(epstopdf)                    size: 7362 bytes
(epstopdf)             Output file: <plot-eps-converted-to.pdf>
(epstopdf)                    date: 2013-06-26 13:57:46
(epstopdf)                    size: 3475 bytes
(epstopdf)             Command: <epstopdf --outfile=plot-eps-converted-to.pdf p
lot.eps>
(epstopdf)             \includegraphics on input line 40.
Package epstopdf Info: Output file is already uptodate.
<plot-eps-converted-to.pdf, id=60, 289.08pt x 178.6675pt>
File: plot-eps-converted-to.pdf Graphic file (type pdf)

<use plot-eps-converted-to.pdf>
Package pdftex.def Info: plot-eps-converted-to.pdf used on input line 40.
(pdftex.def)             Requested size: 289.07928pt x 178.66705pt.
Package epstopdf Info: Source file: <plot.eps>
(epstopdf)                    date: 2013-06-26 13:57:46
(epstopdf)                    size: 7362 bytes
(epstopdf)             Output file: <plot-eps-converted-to.pdf>
(epstopdf)                    date: 2013-06-26 13:57:46
(epstopdf)                    size: 3475 bytes
(epstopdf)             Command: <epstopdf --outfile=plot-eps-converted-to.pdf p
lot.eps>
(epstopdf)             \includegraphics on input line 52.
Package epstopdf Info: Output file is already uptodate.
File: plot-eps-converted-to.pdf Graphic file (type pdf)
 <use plot-eps-converted-to.pdf>
Package pdftex.def Info: plot-eps-converted-to.pdf used on input line 52.
(pdftex.def)             Requested size: 289.07928pt x 178.66705pt.
 [5



 <C:/Users/James/Google Drive/KUThesis Class/template/plot-eps-converted-to.pdf
>]
Package epstopdf Info: Source file: <plot.eps>
(epstopdf)                    date: 2013-06-26 13:57:46
(epstopdf)                    size: 7362 bytes
(epstopdf)             Output file: <plot-eps-converted-to.pdf>
(epstopdf)                    date: 2013-06-26 13:57:46
(epstopdf)                    size: 3475 bytes
(epstopdf)             Command: <epstopdf --outfile=plot-eps-converted-to.pdf p
lot.eps>
(epstopdf)             \includegraphics on input line 61.
Package epstopdf Info: Output file is already uptodate.
File: plot-eps-converted-to.pdf Graphic file (type pdf)

<use plot-eps-converted-to.pdf>
Package pdftex.def Info: plot-eps-converted-to.pdf used on input line 61.
(pdftex.def)             Requested size: 289.07928pt x 178.66705pt.


LaTeX Warning: `h' float specifier changed to `ht'.

Package epstopdf Info: Source file: <plot.eps>
(epstopdf)                    date: 2013-06-26 13:57:46
(epstopdf)                    size: 7362 bytes
(epstopdf)             Output file: <plot-eps-converted-to.pdf>
(epstopdf)                    date: 2013-06-26 13:57:46
(epstopdf)                    size: 3475 bytes
(epstopdf)             Command: <epstopdf --outfile=plot-eps-converted-to.pdf p
lot.eps>
(epstopdf)             \includegraphics on input line 70.
Package epstopdf Info: Output file is already uptodate.
File: plot-eps-converted-to.pdf Graphic file (type pdf)
<use plot-eps-converted-to.pdf>
Package pdftex.def Info: plot-eps-converted-to.pdf used on input line 70.
(pdftex.def)             Requested size: 130.08731pt x 80.39963pt.
Package epstopdf Info: Source file: <plot.eps>
(epstopdf)                    date: 2013-06-26 13:57:46
(epstopdf)                    size: 7362 bytes
(epstopdf)             Output file: <plot-eps-converted-to.pdf>
(epstopdf)                    date: 2013-06-26 13:57:46
(epstopdf)                    size: 3475 bytes
(epstopdf)             Command: <epstopdf --outfile=plot-eps-converted-to.pdf p
lot.eps>
(epstopdf)             \includegraphics on input line 72.
Package epstopdf Info: Output file is already uptodate.
File: plot-eps-converted-to.pdf Graphic file (type pdf)
 <use plot-eps-converted-to.pdf>
Package pdftex.def Info: plot-eps-converted-to.pdf used on input line 72.
(pdftex.def)             Requested size: 130.08731pt x 80.39963pt.


LaTeX Warning: `h' float specifier changed to `ht'.

Package epstopdf Info: Source file: <plot.eps>
(epstopdf)                    date: 2013-06-26 13:57:46
(epstopdf)                    size: 7362 bytes
(epstopdf)             Output file: <plot-eps-converted-to.pdf>
(epstopdf)                    date: 2013-06-26 13:57:46
(epstopdf)                    size: 3475 bytes
(epstopdf)             Command: <epstopdf --outfile=plot-eps-converted-to.pdf p
lot.eps>
(epstopdf)             \includegraphics on input line 81.
Package epstopdf Info: Output file is already uptodate.
File: plot-eps-converted-to.pdf Graphic file (type pdf)
<use plot-eps-converted-to.pdf>
Package pdftex.def Info: plot-eps-converted-to.pdf used on input line 81.
(pdftex.def)             Requested size: 130.08731pt x 80.39963pt.
Package epstopdf Info: Source file: <plot.eps>
(epstopdf)                    date: 2013-06-26 13:57:46
(epstopdf)                    size: 7362 bytes
(epstopdf)             Output file: <plot-eps-converted-to.pdf>
(epstopdf)                    date: 2013-06-26 13:57:46
(epstopdf)                    size: 3475 bytes
(epstopdf)             Command: <epstopdf --outfile=plot-eps-converted-to.pdf p
lot.eps>
(epstopdf)             \includegraphics on input line 83.
Package epstopdf Info: Output file is already uptodate.
File: plot-eps-converted-to.pdf Graphic file (type pdf)
 <use plot-eps-converted-to.pdf>
Package pdftex.def Info: plot-eps-converted-to.pdf used on input line 83.
(pdftex.def)             Requested size: 130.08731pt x 80.39963pt.
Package epstopdf Info: Source file: <plot.eps>
(epstopdf)                    date: 2013-06-26 13:57:46
(epstopdf)                    size: 7362 bytes
(epstopdf)             Output file: <plot-eps-converted-to.pdf>
(epstopdf)                    date: 2013-06-26 13:57:46
(epstopdf)                    size: 3475 bytes
(epstopdf)             Command: <epstopdf --outfile=plot-eps-converted-to.pdf p
lot.eps>
(epstopdf)             \includegraphics on input line 84.
Package epstopdf Info: Output file is already uptodate.
File: plot-eps-converted-to.pdf Graphic file (type pdf)

<use plot-eps-converted-to.pdf>
Package pdftex.def Info: plot-eps-converted-to.pdf used on input line 84.
(pdftex.def)             Requested size: 130.08731pt x 80.39963pt.
Package epstopdf Info: Source file: <plot.eps>
(epstopdf)                    date: 2013-06-26 13:57:46
(epstopdf)                    size: 7362 bytes
(epstopdf)             Output file: <plot-eps-converted-to.pdf>
(epstopdf)                    date: 2013-06-26 13:57:46
(epstopdf)                    size: 3475 bytes
(epstopdf)             Command: <epstopdf --outfile=plot-eps-converted-to.pdf p
lot.eps>
(epstopdf)             \includegraphics on input line 86.
Package epstopdf Info: Output file is already uptodate.
File: plot-eps-converted-to.pdf Graphic file (type pdf)
 <use plot-eps-converted-to.pdf>
Package pdftex.def Info: plot-eps-converted-to.pdf used on input line 86.
(pdftex.def)             Requested size: 130.08731pt x 80.39963pt.


LaTeX Warning: `h' float specifier changed to `ht'.

) [6] [7] [8]
("C:\Users\James\Google Drive\KUThesis Class\template\demo-mathematics.tex"
Appendix C.
[9



] [10]) [11]
("C:\Users\James\Google Drive\KUThesis Class\template\demo-multicols.tex"
Appendix D.

Underfull \hbox (badness 10000) in paragraph at lines 27--28
[]\OT1/cmr/m/n/12 This is three
 []


Underfull \hbox (badness 10000) in paragraph at lines 31--32
\OT1/cmr/m/n/12 This is four
 []


Underfull \hbox (badness 10000) in paragraph at lines 31--32
\OT1/cmr/m/n/12 This is four
 []


Underfull \hbox (badness 10000) in paragraph at lines 31--32
\OT1/cmr/m/n/12 This is four
 []


Underfull \hbox (badness 10000) in paragraph at lines 31--32
\OT1/cmr/m/n/12 This is four
 []


Underfull \hbox (badness 10000) in paragraph at lines 31--32
\OT1/cmr/m/n/12 This is four
 []


Underfull \hbox (badness 10000) in paragraph at lines 31--32
\OT1/cmr/m/n/12 This is four
 []


Underfull \hbox (badness 10000) in paragraph at lines 31--32
\OT1/cmr/m/n/12 This is four
 []


Underfull \hbox (badness 10000) in paragraph at lines 31--32
\OT1/cmr/m/n/12 This is four
 []


Underfull \hbox (badness 10000) in paragraph at lines 31--32
\OT1/cmr/m/n/12 This is four
 []


Underfull \hbox (badness 10000) in paragraph at lines 31--32
\OT1/cmr/m/n/12 This is four
 []


Underfull \hbox (badness 10000) in paragraph at lines 31--32
\OT1/cmr/m/n/12 This is four
 []


Underfull \hbox (badness 10000) in paragraph at lines 31--32
\OT1/cmr/m/n/12 This is four
 []


Underfull \hbox (badness 10000) in paragraph at lines 35--36
[]\OT1/cmr/m/n/12 This
 []


Underfull \hbox (badness 10000) in paragraph at lines 35--36
\OT1/cmr/m/n/12 is five
 []


Underfull \hbox (badness 10000) in paragraph at lines 35--36
\OT1/cmr/m/n/12 columns.
 []


Underfull \hbox (badness 10000) in paragraph at lines 35--36
\OT1/cmr/m/n/12 columns.
 []


Underfull \hbox (badness 10000) in paragraph at lines 35--36
\OT1/cmr/m/n/12 columns.
 []


Underfull \hbox (badness 10000) in paragraph at lines 35--36
\OT1/cmr/m/n/12 columns.
 []


Underfull \hbox (badness 10000) in paragraph at lines 35--36
\OT1/cmr/m/n/12 columns.
 []


Underfull \hbox (badness 10000) in paragraph at lines 35--36
\OT1/cmr/m/n/12 columns.
 []


Underfull \hbox (badness 10000) in paragraph at lines 35--36
\OT1/cmr/m/n/12 columns.
 []


Underfull \hbox (badness 10000) in paragraph at lines 35--36
\OT1/cmr/m/n/12 columns.
 []


Underfull \hbox (badness 10000) in paragraph at lines 35--36
\OT1/cmr/m/n/12 columns.
 []


Underfull \hbox (badness 10000) in paragraph at lines 35--36
\OT1/cmr/m/n/12 columns.
 []


Underfull \hbox (badness 10000) in paragraph at lines 35--36
\OT1/cmr/m/n/12 columns.
 []


Underfull \hbox (badness 10000) in paragraph at lines 35--36
\OT1/cmr/m/n/12 columns.
 []


Underfull \hbox (badness 10000) in paragraph at lines 35--36
\OT1/cmr/m/n/12 columns.
 []


Underfull \hbox (badness 10000) in paragraph at lines 35--36
\OT1/cmr/m/n/12 columns.
 []


Underfull \hbox (badness 10000) in paragraph at lines 35--36
\OT1/cmr/m/n/12 columns.
 []


Underfull \hbox (badness 10000) in paragraph at lines 35--36
\OT1/cmr/m/n/12 columns.
 []


Underfull \hbox (badness 10000) in paragraph at lines 35--36
\OT1/cmr/m/n/12 columns.
 []


Underfull \hbox (badness 10000) in paragraph at lines 35--36
\OT1/cmr/m/n/12 columns.
 []


Underfull \hbox (badness 10000) in paragraph at lines 35--36
\OT1/cmr/m/n/12 columns.
 []


Underfull \hbox (badness 10000) in paragraph at lines 35--36
\OT1/cmr/m/n/12 columns.
 []


Underfull \hbox (badness 10000) in paragraph at lines 35--36
\OT1/cmr/m/n/12 columns.
 []


Underfull \hbox (badness 10000) in paragraph at lines 35--36
\OT1/cmr/m/n/12 columns.
 []


Underfull \hbox (badness 10000) in paragraph at lines 35--36
\OT1/cmr/m/n/12 columns.
 []


Underfull \hbox (badness 10000) in paragraph at lines 35--36
\OT1/cmr/m/n/12 columns.
 []

[12



]) [13] ("C:\Users\James\Google Drive\KUThesis Class\template\demo-tables.tex"
Appendix E.
[14



] [15] [16]
\twidth=\skip65
\theight=\skip66
) [17] [18] [19]
("C:\Users\James\Google Drive\KUThesis Class\template\demo-text.tex"
Appendix F.

Overfull \hbox (60.38025pt too wide) in paragraph at lines 65--65
[]\OT1/cmtt/m/n/12 From \verb+http://www.biblegateway.com/passage/?book_id=1&ch
apter=1&version=50+:[] 
 []


Overfull \hbox (12.90488pt too wide) in paragraph at lines 66--67
\OT1/cmr/m/n/12 From []\OT1/cmtt/m/n/12 http://www.biblegateway.com/passage/?bo
ok_id=1&chapter=1&version=50\OT1/cmr/m/n/12 : 
 []

[20



]
Overfull \hbox (48.03024pt too wide) in paragraph at lines 102--102
[]        \OT1/cmtt/m/n/12 This sentence is to make the entry longer so you can
 see what happens.[] 
 []


Overfull \hbox (48.03024pt too wide) in paragraph at lines 102--102
[]        \OT1/cmtt/m/n/12 This sentence is to make the entry longer so you can
 see what happens.[] 
 []

[21]
Overfull \hbox (48.03024pt too wide) in paragraph at lines 128--128
[]        \OT1/cmtt/m/n/12 This sentence is to make the entry longer so you can
 see what happens.[] 
 []


Overfull \hbox (48.03024pt too wide) in paragraph at lines 128--128
[]        \OT1/cmtt/m/n/12 This sentence is to make the entry longer so you can
 see what happens.[] 
 []


Overfull \hbox (48.03024pt too wide) in paragraph at lines 152--152
[]        \OT1/cmtt/m/n/12 This sentence is to make the entry longer so you can
 see what happens.[] 
 []


Overfull \hbox (48.03024pt too wide) in paragraph at lines 152--152
[]        \OT1/cmtt/m/n/12 This sentence is to make the entry longer so you can
 see what happens.[] 
 []

LaTeX Font Info:    Try loading font information for OMS+cmr on input line 154.

("C:\Program Files\MiKTeX 2.9\tex\latex\base\omscmr.fd"
File: omscmr.fd 1999/05/25 v2.5h Standard LaTeX font definitions
)
LaTeX Font Info:    Font shape `OMS/cmr/m/n' in size <12> not available
(Font)              Font shape `OMS/cmsy/m/n' tried instead on input line 154.
 [22]) [23]
("C:\Users\James\Google Drive\KUThesis Class\template\bibliography.tex"
("C:\Users\James\Google Drive\KUThesis Class\template\thesis.bbl" [24



]))
[24

] ("C:\Users\James\Google Drive\KUThesis Class\template\vita.tex" [25



])
[25

] ("C:\Users\James\Google Drive\KUThesis Class\template\thesis.aux"
("C:\Users\James\Google Drive\KUThesis Class\template\front.aux")
("C:\Users\James\Google Drive\KUThesis Class\template\introduction.aux")
("C:\Users\James\Google Drive\KUThesis Class\template\summary.aux")
("C:\Users\James\Google Drive\KUThesis Class\template\recommendations.aux")
("C:\Users\James\Google Drive\KUThesis Class\template\demo-citations.aux")
("C:\Users\James\Google Drive\KUThesis Class\template\demo-figures.aux")
("C:\Users\James\Google Drive\KUThesis Class\template\demo-mathematics.aux")
("C:\Users\James\Google Drive\KUThesis Class\template\demo-multicols.aux")
("C:\Users\James\Google Drive\KUThesis Class\template\demo-tables.aux")
("C:\Users\James\Google Drive\KUThesis Class\template\demo-text.aux")
("C:\Users\James\Google Drive\KUThesis Class\template\bibliography.aux")
("C:\Users\James\Google Drive\KUThesis Class\template\vita.aux"))

LaTeX Warning: There were multiply-defined labels.

 ) 
Here is how much of TeX's memory you used:
 3107 strings out of 494045
 46258 string characters out of 3148387
 116287 words of memory out of 3000000
 6251 multiletter control sequences out of 15000+200000
 8225 words of font info for 30 fonts, out of 3000000 for 9000
 715 hyphenation exceptions out of 8191
 42i,15n,27p,300b,326s stack positions out of 5000i,500n,10000p,200000b,50000s
<C:/Program Files/MiKTeX 2.9/fonts/type1/public/amsfonts/cm/cmbx12.pfb><C:/Pr
ogram Files/MiKTeX 2.9/fonts/type1/public/amsfonts/cm/cmex10.pfb><C:/Program Fi
les/MiKTeX 2.9/fonts/type1/public/amsfonts/cm/cmmi12.pfb><C:/Program Files/MiKT
eX 2.9/fonts/type1/public/amsfonts/cm/cmr10.pfb><C:/Program Files/MiKTeX 2.9/fo
nts/type1/public/amsfonts/cm/cmr12.pfb><C:/Program Files/MiKTeX 2.9/fonts/type1
/public/amsfonts/cm/cmr8.pfb><C:/Program Files/MiKTeX 2.9/fonts/type1/public/am
sfonts/cm/cmsy10.pfb><C:/Program Files/MiKTeX 2.9/fonts/type1/public/amsfonts/c
m/cmti12.pfb><C:/Program Files/MiKTeX 2.9/fonts/type1/public/amsfonts/cm/cmti8.
pfb><C:/Program Files/MiKTeX 2.9/fonts/type1/public/amsfonts/cm/cmtt12.pfb>
Output written on thesis.pdf (40 pages, 159009 bytes).
PDF statistics:
 176 PDF objects out of 1000 (max. 8388607)
 0 named destinations out of 1000 (max. 500000)
 6 words of extra memory for PDF output out of 10000 (max. 10000000)

