This is pdfTeX, Version 3.1415926-2.4-1.40.13 (MiKTeX 2.9) (preloaded format=pdflatex 2013.6.27)  11 JUL 2013 10:52
entering extended mode
**thesis.tex
("C:\Users\e750506\Downloads\kuLatexThesis\puthesis template\thesis.tex"
LaTeX2e <2011/06/27>
Babel <v3.8m> and hyphenation patterns for english, afrikaans, ancientgreek, ar
abic, armenian, assamese, basque, bengali, bokmal, bulgarian, catalan, coptic, 
croatian, czech, danish, dutch, esperanto, estonian, farsi, finnish, french, ga
lician, german, german-x-2012-05-30, greek, gujarati, hindi, hungarian, iceland
ic, indonesian, interlingua, irish, italian, kannada, kurmanji, latin, latvian,
 lithuanian, malayalam, marathi, mongolian, mongolianlmc, monogreek, ngerman, n
german-x-2012-05-30, nynorsk, oriya, panjabi, pinyin, polish, portuguese, roman
ian, russian, sanskrit, serbian, slovak, slovenian, spanish, swedish, swissgerm
an, tamil, telugu, turkish, turkmen, ukenglish, ukrainian, uppersorbian, usengl
ishmax, welsh, loaded.
("C:\Users\e750506\Downloads\kuLatexThesis\puthesis template\kuthesis.cls"
Document Class: kuthesis 2013/06/26 Kettering University thesis class
(C:\Users\e750506\Downloads\miktex-portable\tex\latex\base\ifthen.sty
Package: ifthen 2001/05/26 v1.1c Standard LaTeX ifthen package (DPC)
)
(C:\Users\e750506\texmf\tex\latex\contrib\endnotes.sty
\c@endnote=\count79
\endnotesep=\dimen102
\@enotes=\write3
)
(C:\Users\e750506\texmf\tex\latex\tools\pulongtable.sty
Package: pulongtable 2004/02/01 v4.11 Multi-page Table package (DPC)
\LTleft=\skip41
\LTright=\skip42
\LTpre=\skip43
\LTpost=\skip44
\LTchunksize=\count80
\LTcapwidth=\dimen103
\LT@head=\box26
\LT@firsthead=\box27
\LT@foot=\box28
\LT@lastfoot=\box29
\LT@cols=\count81
\LT@rows=\count82
\c@LT@tables=\count83
\c@LT@chunks=\count84
\LT@p@ftn=\toks14
)
(C:\Users\e750506\texmf\tex\latex\rotating\rotating.sty
Package: rotating 2009/03/28 v2.16b rotated objects in LaTeX

(C:\Users\e750506\Downloads\miktex-portable\tex\latex\graphics\graphicx.sty
Package: graphicx 1999/02/16 v1.0f Enhanced LaTeX Graphics (DPC,SPQR)

(C:\Users\e750506\Downloads\miktex-portable\tex\latex\graphics\keyval.sty
Package: keyval 1999/03/16 v1.13 key=value parser (DPC)
\KV@toks@=\toks15
)
(C:\Users\e750506\Downloads\miktex-portable\tex\latex\graphics\graphics.sty
Package: graphics 2009/02/05 v1.0o Standard LaTeX Graphics (DPC,SPQR)

(C:\Users\e750506\Downloads\miktex-portable\tex\latex\graphics\trig.sty
Package: trig 1999/03/16 v1.09 sin cos tan (DPC)
)
(C:\Users\e750506\Downloads\miktex-portable\tex\latex\00miktex\graphics.cfg
File: graphics.cfg 2007/01/18 v1.5 graphics configuration of teTeX/TeXLive
)
Package graphics Info: Driver file: pdftex.def on input line 91.

(C:\Users\e750506\Downloads\miktex-portable\tex\latex\pdftex-def\pdftex.def
File: pdftex.def 2011/05/27 v0.06d Graphics/color for pdfTeX

(C:\Users\e750506\Downloads\miktex-portable\tex\generic\oberdiek\infwarerr.sty
Package: infwarerr 2010/04/08 v1.3 Providing info/warning/error messages (HO)
) (C:\Users\e750506\Downloads\miktex-portable\tex\generic\oberdiek\ltxcmds.sty
Package: ltxcmds 2011/11/09 v1.22 LaTeX kernel commands for general use (HO)
)
\Gread@gobject=\count85
))
\Gin@req@height=\dimen104
\Gin@req@width=\dimen105
)
\c@r@tfl@t=\count86
\rotFPtop=\skip45
\rotFPbot=\skip46
\rot@float@box=\box30
\rot@mess@toks=\toks16
) (C:\Users\e750506\Downloads\miktex-portable\tex\latex\graphics\lscape.sty
Package: lscape 2000/10/22 v3.01 Landscape Pages (DPC)
)
\@@i=\count87
\c@@@tcount=\count88
\c@@@volume=\count89
\c@last@@volume=\count90
\c@save@@page=\count91
\@@captionwidth=\skip47
\@@parindent=\skip48
\@@padding=\skip49
\@@tlength=\skip50
\@@ulength=\skip51

(C:\Users\e750506\Downloads\miktex-portable\tex\latex\base\report.cls
Document Class: report 2007/10/19 v1.4h Standard LaTeX document class
(C:\Users\e750506\Downloads\miktex-portable\tex\latex\base\size12.clo
File: size12.clo 2007/10/19 v1.4h Standard LaTeX file (size option)
)
\c@part=\count92
\c@chapter=\count93
\c@section=\count94
\c@subsection=\count95
\c@subsubsection=\count96
\c@paragraph=\count97
\c@subparagraph=\count98
\c@figure=\count99
\c@table=\count100
\abovecaptionskip=\skip52
\belowcaptionskip=\skip53
\bibindent=\dimen106
)
\c@definition=\count101
\c@observation=\count102
\proofbox=\box31
\c@Proof=\count103
\c@proposition=\count104
\c@theorem=\count105

(C:\Users\e750506\texmf\tex\latex\cite\cite.sty
LaTeX Info: Redefining \cite on input line 302.
LaTeX Info: Redefining \nocite on input line 373.
Package: cite 2010/09/10  v 5.3
))
(C:\Users\e750506\Downloads\miktex-portable\tex\latex\oberdiek\epstopdf.sty
Package: epstopdf 2010/02/09 v2.5 Conversion with epstopdf on the fly (HO)

(C:\Users\e750506\Downloads\miktex-portable\tex\latex\oberdiek\epstopdf-base.st
y
Package: epstopdf-base 2010/02/09 v2.5 Base part for package epstopdf
 (C:\Users\e750506\Downloads\miktex-portable\tex\latex\oberdiek\grfext.sty
Package: grfext 2010/08/19 v1.1 Manage graphics extensions (HO)

(C:\Users\e750506\Downloads\miktex-portable\tex\generic\oberdiek\kvdefinekeys.s
ty
Package: kvdefinekeys 2011/04/07 v1.3 Define keys (HO)
))
(C:\Users\e750506\Downloads\miktex-portable\tex\latex\oberdiek\kvoptions.sty
Package: kvoptions 2011/06/30 v3.11 Key value format for package options (HO)

(C:\Users\e750506\Downloads\miktex-portable\tex\generic\oberdiek\kvsetkeys.sty
Package: kvsetkeys 2012/04/25 v1.16 Key value parser (HO)

(C:\Users\e750506\Downloads\miktex-portable\tex\generic\oberdiek\etexcmds.sty
Package: etexcmds 2011/02/16 v1.5 Avoid name clashes with e-TeX commands (HO)

(C:\Users\e750506\Downloads\miktex-portable\tex\generic\oberdiek\ifluatex.sty
Package: ifluatex 2010/03/01 v1.3 Provides the ifluatex switch (HO)
Package ifluatex Info: LuaTeX not detected.
)
Package etexcmds Info: Could not find \expanded.
(etexcmds)             That can mean that you are not using pdfTeX 1.50 or
(etexcmds)             that some package has redefined \expanded.
(etexcmds)             In the latter case, load this package earlier.
)))
(C:\Users\e750506\Downloads\miktex-portable\tex\generic\oberdiek\pdftexcmds.sty
Package: pdftexcmds 2011/11/29 v0.20 Utility functions of pdfTeX for LuaTeX (HO
)
(C:\Users\e750506\Downloads\miktex-portable\tex\generic\oberdiek\ifpdf.sty
Package: ifpdf 2011/01/30 v2.3 Provides the ifpdf switch (HO)
Package ifpdf Info: pdfTeX in PDF mode is detected.
)
Package pdftexcmds Info: LuaTeX not detected.
Package pdftexcmds Info: \pdf@primitive is available.
Package pdftexcmds Info: \pdf@ifprimitive is available.
Package pdftexcmds Info: \pdfdraftmode found.
)
Package grfext Info: Graphics extension search list:
(grfext)             [.png,.pdf,.jpg,.mps,.jpeg,.jbig2,.jb2,.PNG,.PDF,.JPG,.JPE
G,.JBIG2,.JB2,.eps]
(grfext)             \AppendGraphicsExtensions on input line 452.
))
(C:\Users\e750506\Downloads\miktex-portable\tex\latex\ams\math\amsmath.sty
Package: amsmath 2000/07/18 v2.13 AMS math features
\@mathmargin=\skip54

For additional information on amsmath, use the `?' option.
(C:\Users\e750506\Downloads\miktex-portable\tex\latex\ams\math\amstext.sty
Package: amstext 2000/06/29 v2.01

(C:\Users\e750506\Downloads\miktex-portable\tex\latex\ams\math\amsgen.sty
File: amsgen.sty 1999/11/30 v2.0
\@emptytoks=\toks17
\ex@=\dimen107
))
(C:\Users\e750506\Downloads\miktex-portable\tex\latex\ams\math\amsbsy.sty
Package: amsbsy 1999/11/29 v1.2d
\pmbraise@=\dimen108
)
(C:\Users\e750506\Downloads\miktex-portable\tex\latex\ams\math\amsopn.sty
Package: amsopn 1999/12/14 v2.01 operator names
)
\inf@bad=\count106
LaTeX Info: Redefining \frac on input line 211.
\uproot@=\count107
\leftroot@=\count108
LaTeX Info: Redefining \overline on input line 307.
\classnum@=\count109
\DOTSCASE@=\count110
LaTeX Info: Redefining \ldots on input line 379.
LaTeX Info: Redefining \dots on input line 382.
LaTeX Info: Redefining \cdots on input line 467.
\Mathstrutbox@=\box32
\strutbox@=\box33
\big@size=\dimen109
LaTeX Font Info:    Redeclaring font encoding OML on input line 567.
LaTeX Font Info:    Redeclaring font encoding OMS on input line 568.
\macc@depth=\count111
\c@MaxMatrixCols=\count112
\dotsspace@=\muskip10
\c@parentequation=\count113
\dspbrk@lvl=\count114
\tag@help=\toks18
\row@=\count115
\column@=\count116
\maxfields@=\count117
\andhelp@=\toks19
\eqnshift@=\dimen110
\alignsep@=\dimen111
\tagshift@=\dimen112
\tagwidth@=\dimen113
\totwidth@=\dimen114
\lineht@=\dimen115
\@envbody=\toks20
\multlinegap=\skip55
\multlinetaggap=\skip56
\mathdisplay@stack=\toks21
LaTeX Info: Redefining \[ on input line 2666.
LaTeX Info: Redefining \] on input line 2667.
)
(C:\Users\e750506\Downloads\miktex-portable\tex\latex\tools\multicol.sty
Package: multicol 2011/06/27 v1.7a multicolumn formatting (FMi)
\c@tracingmulticols=\count118
\mult@box=\box34
\multicol@leftmargin=\dimen116
\c@unbalance=\count119
\c@collectmore=\count120
\doublecol@number=\count121
\multicoltolerance=\count122
\multicolpretolerance=\count123
\full@width=\dimen117
\page@free=\dimen118
\premulticols=\dimen119
\postmulticols=\dimen120
\multicolsep=\skip57
\multicolbaselineskip=\skip58
\partial@page=\box35
\last@line=\box36
\mult@rightbox=\box37
\mult@grightbox=\box38
\mult@gfirstbox=\box39
\mult@firstbox=\box40
\@tempa=\box41
\@tempa=\box42
\@tempa=\box43
\@tempa=\box44
\@tempa=\box45
\@tempa=\box46
\@tempa=\box47
\@tempa=\box48
\@tempa=\box49
\@tempa=\box50
\@tempa=\box51
\@tempa=\box52
\@tempa=\box53
\@tempa=\box54
\@tempa=\box55
\@tempa=\box56
\@tempa=\box57
\c@columnbadness=\count124
\c@finalcolumnbadness=\count125
\last@try=\dimen121
\multicolovershoot=\dimen122
\multicolundershoot=\dimen123
\mult@nat@firstbox=\box58
\colbreak@box=\box59
\multicol@sort@counter=\count126
)
(C:\Users\e750506\texmf\tex\latex\subfigure\subfigure.sty
Package: subfigure 2002/03/15 v2.1.5 subfigure package
\subfigtopskip=\skip59
\subfigcapskip=\skip60
\subfigcaptopadj=\dimen124
\subfigbottomskip=\skip61
\subfigcapmargin=\dimen125
\subfiglabelskip=\skip62
\c@subfigure=\count127
\c@lofdepth=\count128
\c@subtable=\count129
\c@lotdepth=\count130

****************************************
* Local config file subfigure.cfg used *
****************************************
(C:\Users\e750506\texmf\tex\latex\subfigure\subfigure.cfg)
\subfig@top=\skip63
\subfig@bottom=\skip64
)
(C:\Users\e750506\Downloads\miktex-portable\tex\latex\tools\layout.sty
Package: layout 2000/09/25 v1.2c Show layout parameters
\oneinch=\count131
\cnt@paperwidth=\count132
\cnt@paperheight=\count133
\cnt@hoffset=\count134
\cnt@voffset=\count135
\cnt@textheight=\count136
\cnt@textwidth=\count137
\cnt@topmargin=\count138
\cnt@oddsidemargin=\count139
\cnt@evensidemargin=\count140
\cnt@headheight=\count141
\cnt@headsep=\count142
\cnt@marginparsep=\count143
\cnt@marginparwidth=\count144
\cnt@marginparpush=\count145
\cnt@footskip=\count146
\fheight=\count147
\ref@top=\count148
\ref@hoffset=\count149
\ref@voffset=\count150
\ref@head=\count151
\ref@body=\count152
\ref@foot=\count153
\ref@margin=\count154
\ref@marginwidth=\count155
\ref@marginpar=\count156
\Interval=\count157
\ExtraYPos=\count158
\PositionX=\count159
\PositionY=\count160
\ArrowLength=\count161
)
("C:\Users\e750506\Downloads\kuLatexThesis\puthesis template\mydefs.tex"
\myi=\count162
)
("C:\Users\e750506\Downloads\kuLatexThesis\puthesis template\thesis.aux"
("C:\Users\e750506\Downloads\kuLatexThesis\puthesis template\front.aux")
("C:\Users\e750506\Downloads\kuLatexThesis\puthesis template\introduction.aux")
("C:\Users\e750506\Downloads\kuLatexThesis\puthesis template\summary.aux")
("C:\Users\e750506\Downloads\kuLatexThesis\puthesis template\recommendations.au
x")
("C:\Users\e750506\Downloads\kuLatexThesis\puthesis template\demo-citations.aux
") ("C:\Users\e750506\Downloads\kuLatexThesis\puthesis template\demo-figures.au
x")
("C:\Users\e750506\Downloads\kuLatexThesis\puthesis template\demo-mathematics.a
ux")
("C:\Users\e750506\Downloads\kuLatexThesis\puthesis template\demo-multicols.aux
") ("C:\Users\e750506\Downloads\kuLatexThesis\puthesis template\demo-tables.aux
"

LaTeX Warning: Label `ta:American-Presidents-with' multiply defined.

) ("C:\Users\e750506\Downloads\kuLatexThesis\puthesis template\demo-text.aux")
("C:\Users\e750506\Downloads\kuLatexThesis\puthesis template\bibliography.aux")
)
LaTeX Font Info:    Checking defaults for OML/cmm/m/it on input line 41.
LaTeX Font Info:    ... okay on input line 41.
LaTeX Font Info:    Checking defaults for T1/cmr/m/n on input line 41.
LaTeX Font Info:    ... okay on input line 41.
LaTeX Font Info:    Checking defaults for OT1/cmr/m/n on input line 41.
LaTeX Font Info:    ... okay on input line 41.
LaTeX Font Info:    Checking defaults for OMS/cmsy/m/n on input line 41.
LaTeX Font Info:    ... okay on input line 41.
LaTeX Font Info:    Checking defaults for OMX/cmex/m/n on input line 41.
LaTeX Font Info:    ... okay on input line 41.
LaTeX Font Info:    Checking defaults for U/cmr/m/n on input line 41.
LaTeX Font Info:    ... okay on input line 41.
LaTeX Font Info:    Try loading font information for OT1+ptm on input line 41.
 (C:\Users\e750506\Downloads\miktex-portable\tex\latex\psnfss\ot1ptm.fd
File: ot1ptm.fd 2001/06/04 font definitions for OT1/ptm.
)
(C:\Users\e750506\texmf\tex\context\base\supp-pdf.mkii
[Loading MPS to PDF converter (version 2006.09.02).]
\scratchcounter=\count163
\scratchdimen=\dimen126
\scratchbox=\box60
\nofMPsegments=\count164
\nofMParguments=\count165
\everyMPshowfont=\toks22
\MPscratchCnt=\count166
\MPscratchDim=\dimen127
\MPnumerator=\count167
\everyMPtoPDFconversion=\toks23
) (C:\Users\e750506\texmf\tex\latex\contrib\notoccite.sty
Package: notoccite 2000/07/20
)
Two-sided document style, odd page.
[1

{C:/Users/e750506/Downloads/miktex-portable/pdftex/config/pdftex.map}]
Two-sided document style, even page.
[2]
LaTeX Font Info:    Font shape `OT1/ptm/bx/n' in size <12> not available
(Font)              Font shape `OT1/ptm/b/n' tried instead on input line 49.
 [1] [2

]
("C:\Users\e750506\Downloads\kuLatexThesis\puthesis template\acknowledgements.t
ex") [3

] ("C:\Users\e750506\Downloads\kuLatexThesis\puthesis template\front.tex" [4

] [5

] [6

]
("C:\Users\e750506\Downloads\kuLatexThesis\puthesis template\thesis.toc")
\tf@toc=\write4

[7

] ("C:\Users\e750506\Downloads\kuLatexThesis\puthesis template\thesis.lot")
\tf@lot=\write5

[8

] ("C:\Users\e750506\Downloads\kuLatexThesis\puthesis template\thesis.lof")
\tf@lof=\write6

[9

]
Underfull \hbox (badness 10000) in alignment at lines 67--70
 [] []
 []

[10

]
Underfull \hbox (badness 10000) in alignment at lines 74--78
 [] []
 []

[11

]
Underfull \hbox (badness 10000) in alignment at lines 82--85
 [] []
 []

[12

]
Underfull \hbox (badness 10000) in alignment at lines 89--92
 [] []
 []

[13

]) [14

]
("C:\Users\e750506\Downloads\kuLatexThesis\puthesis template\introduction.tex"
Chapter I.

Overfull \hbox (0.5636pt too wide) in paragraph at lines 11--12
[]\OT1/ptm/m/n/12 Following a brief in-tro-duc-tory para-graph, the in-tro-duc-
tion chap-ter re-quires six head-
 []

[1



]) [2]
("C:\Users\e750506\Downloads\kuLatexThesis\puthesis template\summary.tex"
Chapter II.
) [3



]
("C:\Users\e750506\Downloads\kuLatexThesis\puthesis template\recommendations.te
x"
Chapter III.
) [4



] [5


]
("C:\Users\e750506\Downloads\kuLatexThesis\puthesis template\demo-citations.tex
"
Appendix I.
) [5


]
("C:\Users\e750506\Downloads\kuLatexThesis\puthesis template\demo-figures.tex"
Appendix II.
Package epstopdf Info: Source file: <plot.eps>
(epstopdf)                    date: 2013-06-27 20:01:32
(epstopdf)                    size: 7362 bytes
(epstopdf)             Output file: <plot-eps-converted-to.pdf>
(epstopdf)                    date: 2013-06-27 20:01:32
(epstopdf)                    size: 3475 bytes
(epstopdf)             Command: <epstopdf --outfile=plot-eps-converted-to.pdf p
lot.eps>
(epstopdf)             \includegraphics on input line 40.
Package epstopdf Info: Output file is already uptodate.
<plot-eps-converted-to.pdf, id=78, 289.08pt x 178.6675pt>
File: plot-eps-converted-to.pdf Graphic file (type pdf)

<use plot-eps-converted-to.pdf>
Package pdftex.def Info: plot-eps-converted-to.pdf used on input line 40.
(pdftex.def)             Requested size: 289.07928pt x 178.66705pt.
Package epstopdf Info: Source file: <plot.eps>
(epstopdf)                    date: 2013-06-27 20:01:32
(epstopdf)                    size: 7362 bytes
(epstopdf)             Output file: <plot-eps-converted-to.pdf>
(epstopdf)                    date: 2013-06-27 20:01:32
(epstopdf)                    size: 3475 bytes
(epstopdf)             Command: <epstopdf --outfile=plot-eps-converted-to.pdf p
lot.eps>
(epstopdf)             \includegraphics on input line 52.
Package epstopdf Info: Output file is already uptodate.
File: plot-eps-converted-to.pdf Graphic file (type pdf)
 <use plot-eps-converted-to.pdf>
Package pdftex.def Info: plot-eps-converted-to.pdf used on input line 52.
(pdftex.def)             Requested size: 289.07928pt x 178.66705pt.
 [6



 <C:/Users/e750506/Downloads/kuLatexThesis/puthesis template/plot-eps-converted
-to.pdf>]
Package epstopdf Info: Source file: <plot.eps>
(epstopdf)                    date: 2013-06-27 20:01:32
(epstopdf)                    size: 7362 bytes
(epstopdf)             Output file: <plot-eps-converted-to.pdf>
(epstopdf)                    date: 2013-06-27 20:01:32
(epstopdf)                    size: 3475 bytes
(epstopdf)             Command: <epstopdf --outfile=plot-eps-converted-to.pdf p
lot.eps>
(epstopdf)             \includegraphics on input line 61.
Package epstopdf Info: Output file is already uptodate.
File: plot-eps-converted-to.pdf Graphic file (type pdf)

<use plot-eps-converted-to.pdf>
Package pdftex.def Info: plot-eps-converted-to.pdf used on input line 61.
(pdftex.def)             Requested size: 289.07928pt x 178.66705pt.


LaTeX Warning: `h' float specifier changed to `ht'.

Package epstopdf Info: Source file: <plot.eps>
(epstopdf)                    date: 2013-06-27 20:01:32
(epstopdf)                    size: 7362 bytes
(epstopdf)             Output file: <plot-eps-converted-to.pdf>
(epstopdf)                    date: 2013-06-27 20:01:32
(epstopdf)                    size: 3475 bytes
(epstopdf)             Command: <epstopdf --outfile=plot-eps-converted-to.pdf p
lot.eps>
(epstopdf)             \includegraphics on input line 70.
Package epstopdf Info: Output file is already uptodate.
File: plot-eps-converted-to.pdf Graphic file (type pdf)
<use plot-eps-converted-to.pdf>
Package pdftex.def Info: plot-eps-converted-to.pdf used on input line 70.
(pdftex.def)             Requested size: 130.08731pt x 80.39963pt.
Package epstopdf Info: Source file: <plot.eps>
(epstopdf)                    date: 2013-06-27 20:01:32
(epstopdf)                    size: 7362 bytes
(epstopdf)             Output file: <plot-eps-converted-to.pdf>
(epstopdf)                    date: 2013-06-27 20:01:32
(epstopdf)                    size: 3475 bytes
(epstopdf)             Command: <epstopdf --outfile=plot-eps-converted-to.pdf p
lot.eps>
(epstopdf)             \includegraphics on input line 72.
Package epstopdf Info: Output file is already uptodate.
File: plot-eps-converted-to.pdf Graphic file (type pdf)
 <use plot-eps-converted-to.pdf>
Package pdftex.def Info: plot-eps-converted-to.pdf used on input line 72.
(pdftex.def)             Requested size: 130.08731pt x 80.39963pt.


LaTeX Warning: `h' float specifier changed to `ht'.

Package epstopdf Info: Source file: <plot.eps>
(epstopdf)                    date: 2013-06-27 20:01:32
(epstopdf)                    size: 7362 bytes
(epstopdf)             Output file: <plot-eps-converted-to.pdf>
(epstopdf)                    date: 2013-06-27 20:01:32
(epstopdf)                    size: 3475 bytes
(epstopdf)             Command: <epstopdf --outfile=plot-eps-converted-to.pdf p
lot.eps>
(epstopdf)             \includegraphics on input line 81.
Package epstopdf Info: Output file is already uptodate.
File: plot-eps-converted-to.pdf Graphic file (type pdf)
<use plot-eps-converted-to.pdf>
Package pdftex.def Info: plot-eps-converted-to.pdf used on input line 81.
(pdftex.def)             Requested size: 130.08731pt x 80.39963pt.
Package epstopdf Info: Source file: <plot.eps>
(epstopdf)                    date: 2013-06-27 20:01:32
(epstopdf)                    size: 7362 bytes
(epstopdf)             Output file: <plot-eps-converted-to.pdf>
(epstopdf)                    date: 2013-06-27 20:01:32
(epstopdf)                    size: 3475 bytes
(epstopdf)             Command: <epstopdf --outfile=plot-eps-converted-to.pdf p
lot.eps>
(epstopdf)             \includegraphics on input line 83.
Package epstopdf Info: Output file is already uptodate.
File: plot-eps-converted-to.pdf Graphic file (type pdf)
 <use plot-eps-converted-to.pdf>
Package pdftex.def Info: plot-eps-converted-to.pdf used on input line 83.
(pdftex.def)             Requested size: 130.08731pt x 80.39963pt.
Package epstopdf Info: Source file: <plot.eps>
(epstopdf)                    date: 2013-06-27 20:01:32
(epstopdf)                    size: 7362 bytes
(epstopdf)             Output file: <plot-eps-converted-to.pdf>
(epstopdf)                    date: 2013-06-27 20:01:32
(epstopdf)                    size: 3475 bytes
(epstopdf)             Command: <epstopdf --outfile=plot-eps-converted-to.pdf p
lot.eps>
(epstopdf)             \includegraphics on input line 84.
Package epstopdf Info: Output file is already uptodate.
File: plot-eps-converted-to.pdf Graphic file (type pdf)

<use plot-eps-converted-to.pdf>
Package pdftex.def Info: plot-eps-converted-to.pdf used on input line 84.
(pdftex.def)             Requested size: 130.08731pt x 80.39963pt.
Package epstopdf Info: Source file: <plot.eps>
(epstopdf)                    date: 2013-06-27 20:01:32
(epstopdf)                    size: 7362 bytes
(epstopdf)             Output file: <plot-eps-converted-to.pdf>
(epstopdf)                    date: 2013-06-27 20:01:32
(epstopdf)                    size: 3475 bytes
(epstopdf)             Command: <epstopdf --outfile=plot-eps-converted-to.pdf p
lot.eps>
(epstopdf)             \includegraphics on input line 86.
Package epstopdf Info: Output file is already uptodate.
File: plot-eps-converted-to.pdf Graphic file (type pdf)
 <use plot-eps-converted-to.pdf>
Package pdftex.def Info: plot-eps-converted-to.pdf used on input line 86.
(pdftex.def)             Requested size: 130.08731pt x 80.39963pt.
 [7]

LaTeX Warning: `h' float specifier changed to `ht'.

) [8] [9]
("C:\Users\e750506\Downloads\kuLatexThesis\puthesis template\demo-mathematics.t
ex"
Appendix III.
[10



] [11]) [12]
("C:\Users\e750506\Downloads\kuLatexThesis\puthesis template\demo-multicols.tex
"
Appendix IV.

Underfull \hbox (badness 10000) in paragraph at lines 27--28
[]\OT1/ptm/m/n/12 This is three
 []


Underfull \hbox (badness 10000) in paragraph at lines 31--32
[]\OT1/ptm/m/n/12 This is
 []


Underfull \hbox (badness 10000) in paragraph at lines 31--32
\OT1/ptm/m/n/12 four columns.
 []


Underfull \hbox (badness 10000) in paragraph at lines 31--32
\OT1/ptm/m/n/12 This is four
 []


Underfull \hbox (badness 10000) in paragraph at lines 31--32
\OT1/ptm/m/n/12 This is four
 []


Underfull \hbox (badness 10000) in paragraph at lines 31--32
\OT1/ptm/m/n/12 This is four
 []


Underfull \hbox (badness 10000) in paragraph at lines 31--32
\OT1/ptm/m/n/12 This is four
 []


Underfull \hbox (badness 10000) in paragraph at lines 31--32
\OT1/ptm/m/n/12 This is four
 []


Underfull \hbox (badness 10000) in paragraph at lines 31--32
\OT1/ptm/m/n/12 This is four
 []


Underfull \hbox (badness 10000) in paragraph at lines 31--32
\OT1/ptm/m/n/12 This is four
 []


Underfull \hbox (badness 10000) in paragraph at lines 31--32
\OT1/ptm/m/n/12 This is four
 []


Underfull \hbox (badness 10000) in paragraph at lines 31--32
\OT1/ptm/m/n/12 This is four
 []


Underfull \hbox (badness 10000) in paragraph at lines 31--32
\OT1/ptm/m/n/12 This is four
 []


Underfull \hbox (badness 10000) in paragraph at lines 31--32
\OT1/ptm/m/n/12 This is four
 []


Underfull \hbox (badness 10000) in paragraph at lines 31--32
\OT1/ptm/m/n/12 This is four
 []


Underfull \hbox (badness 10000) in paragraph at lines 35--36
[]\OT1/ptm/m/n/12 This
 []


Underfull \hbox (badness 10000) in paragraph at lines 35--36
\OT1/ptm/m/n/12 is five
 []


Underfull \hbox (badness 10000) in paragraph at lines 35--36
\OT1/ptm/m/n/12 columns.
 []


Underfull \hbox (badness 10000) in paragraph at lines 35--36
\OT1/ptm/m/n/12 columns.
 []


Underfull \hbox (badness 10000) in paragraph at lines 35--36
\OT1/ptm/m/n/12 columns.
 []


Underfull \hbox (badness 10000) in paragraph at lines 35--36
\OT1/ptm/m/n/12 columns.
 []


Underfull \hbox (badness 10000) in paragraph at lines 35--36
\OT1/ptm/m/n/12 columns.
 []


Underfull \hbox (badness 10000) in paragraph at lines 35--36
\OT1/ptm/m/n/12 columns.
 []


Underfull \hbox (badness 10000) in paragraph at lines 35--36
\OT1/ptm/m/n/12 columns.
 []


Underfull \hbox (badness 10000) in paragraph at lines 35--36
\OT1/ptm/m/n/12 columns.
 []


Underfull \hbox (badness 10000) in paragraph at lines 35--36
\OT1/ptm/m/n/12 columns.
 []


Underfull \hbox (badness 10000) in paragraph at lines 35--36
\OT1/ptm/m/n/12 columns.
 []


Underfull \hbox (badness 10000) in paragraph at lines 35--36
\OT1/ptm/m/n/12 columns.
 []


Underfull \hbox (badness 10000) in paragraph at lines 35--36
\OT1/ptm/m/n/12 columns.
 []


Underfull \hbox (badness 10000) in paragraph at lines 35--36
\OT1/ptm/m/n/12 columns.
 []


Underfull \hbox (badness 10000) in paragraph at lines 35--36
\OT1/ptm/m/n/12 columns.
 []


Underfull \hbox (badness 10000) in paragraph at lines 35--36
\OT1/ptm/m/n/12 columns.
 []


Underfull \hbox (badness 10000) in paragraph at lines 35--36
\OT1/ptm/m/n/12 columns.
 []


Underfull \hbox (badness 10000) in paragraph at lines 35--36
\OT1/ptm/m/n/12 columns.
 []


Underfull \hbox (badness 10000) in paragraph at lines 35--36
\OT1/ptm/m/n/12 columns.
 []


Underfull \hbox (badness 10000) in paragraph at lines 35--36
\OT1/ptm/m/n/12 columns.
 []


Underfull \hbox (badness 10000) in paragraph at lines 35--36
\OT1/ptm/m/n/12 columns.
 []


Underfull \hbox (badness 10000) in paragraph at lines 35--36
\OT1/ptm/m/n/12 columns.
 []


Underfull \hbox (badness 10000) in paragraph at lines 35--36
\OT1/ptm/m/n/12 columns.
 []


Underfull \hbox (badness 10000) in paragraph at lines 35--36
\OT1/ptm/m/n/12 columns.
 []


Underfull \hbox (badness 10000) in paragraph at lines 35--36
\OT1/ptm/m/n/12 columns.
 []

[13



]) [14]
("C:\Users\e750506\Downloads\kuLatexThesis\puthesis template\demo-tables.tex"
Appendix V.
[15



] [16] [17]
\twidth=\skip65
\theight=\skip66
) [18] [19] [20]
("C:\Users\e750506\Downloads\kuLatexThesis\puthesis template\demo-text.tex"
Appendix VI.

Overfull \hbox (60.38025pt too wide) in paragraph at lines 65--65
[]\OT1/cmtt/m/n/12 From \verb+http://www.biblegateway.com/passage/?book_id=1&ch
apter=1&version=50+:[] 
 []


Overfull \hbox (11.72487pt too wide) in paragraph at lines 66--67
\OT1/ptm/m/n/12 From []\OT1/cmtt/m/n/12 http://www.biblegateway.com/passage/?bo
ok_id=1&chapter=1&version=50\OT1/ptm/m/n/12 : 
 []

[21



]
Overfull \hbox (48.03024pt too wide) in paragraph at lines 102--102
[]        \OT1/cmtt/m/n/12 This sentence is to make the entry longer so you can
 see what happens.[] 
 []


Overfull \hbox (48.03024pt too wide) in paragraph at lines 102--102
[]        \OT1/cmtt/m/n/12 This sentence is to make the entry longer so you can
 see what happens.[] 
 []

[22]
Overfull \hbox (48.03024pt too wide) in paragraph at lines 128--128
[]        \OT1/cmtt/m/n/12 This sentence is to make the entry longer so you can
 see what happens.[] 
 []


Overfull \hbox (48.03024pt too wide) in paragraph at lines 128--128
[]        \OT1/cmtt/m/n/12 This sentence is to make the entry longer so you can
 see what happens.[] 
 []


Overfull \hbox (48.03024pt too wide) in paragraph at lines 152--152
[]        \OT1/cmtt/m/n/12 This sentence is to make the entry longer so you can
 see what happens.[] 
 []


Overfull \hbox (48.03024pt too wide) in paragraph at lines 152--152
[]        \OT1/cmtt/m/n/12 This sentence is to make the entry longer so you can
 see what happens.[] 
 []

LaTeX Font Info:    Try loading font information for OMS+ptm on input line 154.

(C:\Users\e750506\Downloads\miktex-portable\tex\latex\psnfss\omsptm.fd
File: omsptm.fd 
)
LaTeX Font Info:    Font shape `OMS/ptm/m/n' in size <12> not available
(Font)              Font shape `OMS/cmsy/m/n' tried instead on input line 154.

[23]) [24]
("C:\Users\e750506\Downloads\kuLatexThesis\puthesis template\bibliography.tex"
("C:\Users\e750506\Downloads\kuLatexThesis\puthesis template\thesis.bbl"
[25



])) [25

]
("C:\Users\e750506\Downloads\kuLatexThesis\puthesis template\thesis.aux"
("C:\Users\e750506\Downloads\kuLatexThesis\puthesis template\front.aux")
("C:\Users\e750506\Downloads\kuLatexThesis\puthesis template\introduction.aux")
("C:\Users\e750506\Downloads\kuLatexThesis\puthesis template\summary.aux")
("C:\Users\e750506\Downloads\kuLatexThesis\puthesis template\recommendations.au
x")
("C:\Users\e750506\Downloads\kuLatexThesis\puthesis template\demo-citations.aux
") ("C:\Users\e750506\Downloads\kuLatexThesis\puthesis template\demo-figures.au
x")
("C:\Users\e750506\Downloads\kuLatexThesis\puthesis template\demo-mathematics.a
ux")
("C:\Users\e750506\Downloads\kuLatexThesis\puthesis template\demo-multicols.aux
") ("C:\Users\e750506\Downloads\kuLatexThesis\puthesis template\demo-tables.aux
") ("C:\Users\e750506\Downloads\kuLatexThesis\puthesis template\demo-text.aux")
("C:\Users\e750506\Downloads\kuLatexThesis\puthesis template\bibliography.aux")
)

LaTeX Warning: There were multiply-defined labels.

 ) 
Here is how much of TeX's memory you used:
 3222 strings out of 493921
 49036 string characters out of 3141264
 118792 words of memory out of 3000000
 6356 multiletter control sequences out of 15000+200000
 19175 words of font info for 44 fonts, out of 3000000 for 9000
 841 hyphenation exceptions out of 8191
 42i,15n,26p,835b,326s stack positions out of 5000i,500n,10000p,200000b,50000s
{C:/Users/e750506/Downloads/miktex-portable/fonts/enc/dvips/fontname/8r.enc}<
C:/Users/e750506/Downloads/miktex-portable/fonts/type1/public/amsfonts/cm/cmex1
0.pfb><C:/Users/e750506/Downloads/miktex-portable/fonts/type1/public/amsfonts/c
m/cmmi12.pfb><C:/Users/e750506/Downloads/miktex-portable/fonts/type1/public/ams
fonts/cm/cmr12.pfb><C:/Users/e750506/Downloads/miktex-portable/fonts/type1/publ
ic/amsfonts/cm/cmr8.pfb><C:/Users/e750506/Downloads/miktex-portable/fonts/type1
/public/amsfonts/cm/cmsy10.pfb><C:/Users/e750506/Downloads/miktex-portable/font
s/type1/public/amsfonts/cm/cmtt10.pfb><C:/Users/e750506/Downloads/miktex-portab
le/fonts/type1/public/amsfonts/cm/cmtt12.pfb><C:/Users/e750506/Downloads/miktex
-portable/fonts/type1/public/amsfonts/latxfont/lcircle1.pfb><C:/Users/e750506/D
ownloads/miktex-portable/fonts/type1/public/amsfonts/latxfont/line10.pfb><C:/Us
ers/e750506/Downloads/miktex-portable/fonts/type1/urw/times/utmb8a.pfb><C:/User
s/e750506/Downloads/miktex-portable/fonts/type1/urw/times/utmr8a.pfb><C:/Users/
e750506/Downloads/miktex-portable/fonts/type1/urw/times/utmri8a.pfb>
Output written on thesis.pdf (43 pages, 172953 bytes).
PDF statistics:
 195 PDF objects out of 1000 (max. 8388607)
 0 named destinations out of 1000 (max. 500000)
 6 words of extra memory for PDF output out of 10000 (max. 10000000)

